Fri Jan 19 18:57:44 2024: Running xcd server. This server was built by gradle.
Fri Jan 19 18:57:44 2024: Server was asked to start on port: '43025'
Fri Jan 19 18:57:44 2024: Server is using token UUID: '4a23d006-6c7f-4af0-ac9a-f63c4914bd4a'
Fri Jan 19 18:57:44 2024: SESSION_MGR: creating session with session uuid: '6d04a3e9-ade5-4ab9-8d63-1f78fcd2ec76' and name 'default'
Fri Jan 19 18:57:44 2024: Attempting to start server on port '43025'
Fri Jan 19 18:57:44 2024: XCD main fifo: created main fifo '/tmp/xcdmain4a23d006-6c7f-4af0-ac9a-f63c4914bd4a', fd read = 13
Fri Jan 19 18:57:44 2024: Running Dispatch Server
Fri Jan 19 18:57:44 2024: Version 2.2.0
Fri Jan 19 18:57:54 2024: Dispatch Server: Accepted socket connection from client
Fri Jan 19 18:57:54 2024: Starting Socket connection
Fri Jan 19 18:57:54 2024: EXCHANGE_TOKEN received, server token: 4a23d006-6c7f-4af0-ac9a-f63c4914bd4a, passed token: 4a23d006-6c7f-4af0-ac9a-f63c4914bd4a
Fri Jan 19 18:57:54 2024: SESSION_MGR: creating session with session uuid: '309de752-3abb-4d5f-9379-d73a111a833e' and name 'AIE Compilation'
Fri Jan 19 18:57:54 2024: KERNEL_SVC: creating session with uuid: '309de752-3abb-4d5f-9379-d73a111a833e' and name 'AIE Compilation'
Fri Jan 19 18:57:54 2024: GUIDANCE_SMGR: creating guidance session with uuid: '309de752-3abb-4d5f-9379-d73a111a833e' and name 'AIE Compilation'
Fri Jan 19 18:57:56 2024: Dispatch Server: Accepted socket connection from client
Fri Jan 19 18:57:56 2024: Starting Socket connection
Fri Jan 19 18:58:03 2024: SESSION_MGR: closing session for UUID '309de752-3abb-4d5f-9379-d73a111a833e' with name ''
Fri Jan 19 18:58:03 2024: KERNEL_SVC: closing session for UUID '309de752-3abb-4d5f-9379-d73a111a833e' with name ''
Fri Jan 19 18:58:03 2024: GUIDANCE_SMGR: closing session for UUID '309de752-3abb-4d5f-9379-d73a111a833e' with name ''
Fri Jan 19 18:58:03 2024: STOP_SERVER received, server token: 4a23d006-6c7f-4af0-ac9a-f63c4914bd4a, passed token: 4a23d006-6c7f-4af0-ac9a-f63c4914bd4a
Fri Jan 19 18:58:03 2024: Socket received request to stop server.
Fri Jan 19 18:58:03 2024: Dispatch Server: do_await_stop
Fri Jan 19 18:58:03 2024: Dispatch Server: stopping mainFifo_
Fri Jan 19 18:58:03 2024: XCD main fifo: Stopping
Fri Jan 19 18:58:03 2024: XCD main fifo: do_read error code: Operation canceled
Fri Jan 19 18:58:03 2024: XCD main fifo: bytes_transferred: 0
Fri Jan 19 18:58:03 2024: SERVER: destructor for server bound to port 43025
Fri Jan 19 18:58:03 2024: XCD main fifo: Good unlink of /tmp/xcdmain4a23d006-6c7f-4af0-ac9a-f63c4914bd4a
Fri Jan 19 18:58:03 2024: Server exiting with status 0.
Fri Jan 19 18:58:03 2024: Closing log file.
Fri Jan 19 18:59:29 2024: Running xcd server. This server was built by gradle.
Fri Jan 19 18:59:29 2024: Server was asked to start on port: '35031'
Fri Jan 19 18:59:29 2024: Server is using token UUID: 'cfc43ed0-3793-4531-80f4-47dd8f214147'
Fri Jan 19 18:59:29 2024: SESSION_MGR: creating session with session uuid: '6d04a3e9-ade5-4ab9-8d63-1f78fcd2ec76' and name 'default'
Fri Jan 19 18:59:29 2024: Attempting to start server on port '35031'
Fri Jan 19 18:59:29 2024: XCD main fifo: created main fifo '/tmp/xcdmaincfc43ed0-3793-4531-80f4-47dd8f214147', fd read = 13
Fri Jan 19 18:59:29 2024: Running Dispatch Server
Fri Jan 19 18:59:29 2024: Version 2.2.0
Fri Jan 19 18:59:38 2024: Dispatch Server: Accepted socket connection from client
Fri Jan 19 18:59:38 2024: Starting Socket connection
Fri Jan 19 18:59:38 2024: EXCHANGE_TOKEN received, server token: cfc43ed0-3793-4531-80f4-47dd8f214147, passed token: cfc43ed0-3793-4531-80f4-47dd8f214147
Fri Jan 19 18:59:38 2024: SESSION_MGR: creating session with session uuid: '429b247b-c185-4617-a18b-e9d4c90b72ea' and name 'AIE Compilation'
Fri Jan 19 18:59:38 2024: KERNEL_SVC: creating session with uuid: '429b247b-c185-4617-a18b-e9d4c90b72ea' and name 'AIE Compilation'
Fri Jan 19 18:59:38 2024: GUIDANCE_SMGR: creating guidance session with uuid: '429b247b-c185-4617-a18b-e9d4c90b72ea' and name 'AIE Compilation'
Fri Jan 19 18:59:41 2024: Dispatch Server: Accepted socket connection from client
Fri Jan 19 18:59:41 2024: Starting Socket connection
Fri Jan 19 18:59:47 2024: SESSION_MGR: closing session for UUID '429b247b-c185-4617-a18b-e9d4c90b72ea' with name ''
Fri Jan 19 18:59:47 2024: KERNEL_SVC: closing session for UUID '429b247b-c185-4617-a18b-e9d4c90b72ea' with name ''
Fri Jan 19 18:59:47 2024: GUIDANCE_SMGR: closing session for UUID '429b247b-c185-4617-a18b-e9d4c90b72ea' with name ''
Fri Jan 19 18:59:47 2024: STOP_SERVER received, server token: cfc43ed0-3793-4531-80f4-47dd8f214147, passed token: cfc43ed0-3793-4531-80f4-47dd8f214147
Fri Jan 19 18:59:47 2024: Socket received request to stop server.
Fri Jan 19 18:59:47 2024: Dispatch Server: do_await_stop
Fri Jan 19 18:59:47 2024: Dispatch Server: stopping mainFifo_
Fri Jan 19 18:59:47 2024: XCD main fifo: Stopping
Fri Jan 19 18:59:47 2024: XCD main fifo: do_read error code: Operation canceled
Fri Jan 19 18:59:47 2024: XCD main fifo: bytes_transferred: 0
Fri Jan 19 18:59:47 2024: SERVER: destructor for server bound to port 35031
Fri Jan 19 18:59:47 2024: XCD main fifo: Good unlink of /tmp/xcdmaincfc43ed0-3793-4531-80f4-47dd8f214147
Fri Jan 19 18:59:47 2024: Server exiting with status 0.
Fri Jan 19 18:59:47 2024: Closing log file.
Fri Jan 19 19:00:09 2024: Running xcd server. This server was built by gradle.
Fri Jan 19 19:00:09 2024: Server was asked to start on port: '41399'
Fri Jan 19 19:00:09 2024: Server is using token UUID: 'ca906806-52f6-465d-a85e-ab5ac3d679c6'
Fri Jan 19 19:00:09 2024: SESSION_MGR: creating session with session uuid: '6d04a3e9-ade5-4ab9-8d63-1f78fcd2ec76' and name 'default'
Fri Jan 19 19:00:09 2024: Attempting to start server on port '41399'
Fri Jan 19 19:00:09 2024: XCD main fifo: created main fifo '/tmp/xcdmainca906806-52f6-465d-a85e-ab5ac3d679c6', fd read = 13
Fri Jan 19 19:00:09 2024: Running Dispatch Server
Fri Jan 19 19:00:09 2024: Version 2.2.0
Fri Jan 19 19:00:18 2024: Dispatch Server: Accepted socket connection from client
Fri Jan 19 19:00:18 2024: Starting Socket connection
Fri Jan 19 19:00:18 2024: EXCHANGE_TOKEN received, server token: ca906806-52f6-465d-a85e-ab5ac3d679c6, passed token: ca906806-52f6-465d-a85e-ab5ac3d679c6
Fri Jan 19 19:00:18 2024: SESSION_MGR: creating session with session uuid: '173db9c8-7777-439a-8984-357def55f2c3' and name 'AIE Compilation'
Fri Jan 19 19:00:18 2024: KERNEL_SVC: creating session with uuid: '173db9c8-7777-439a-8984-357def55f2c3' and name 'AIE Compilation'
Fri Jan 19 19:00:18 2024: GUIDANCE_SMGR: creating guidance session with uuid: '173db9c8-7777-439a-8984-357def55f2c3' and name 'AIE Compilation'
Fri Jan 19 19:00:20 2024: Dispatch Server: Accepted socket connection from client
Fri Jan 19 19:00:20 2024: Starting Socket connection
Fri Jan 19 19:00:27 2024: SESSION_MGR: closing session for UUID '173db9c8-7777-439a-8984-357def55f2c3' with name ''
Fri Jan 19 19:00:27 2024: KERNEL_SVC: closing session for UUID '173db9c8-7777-439a-8984-357def55f2c3' with name ''
Fri Jan 19 19:00:27 2024: GUIDANCE_SMGR: closing session for UUID '173db9c8-7777-439a-8984-357def55f2c3' with name ''
Fri Jan 19 19:00:27 2024: STOP_SERVER received, server token: ca906806-52f6-465d-a85e-ab5ac3d679c6, passed token: ca906806-52f6-465d-a85e-ab5ac3d679c6
Fri Jan 19 19:00:27 2024: Socket received request to stop server.
Fri Jan 19 19:00:27 2024: Dispatch Server: do_await_stop
Fri Jan 19 19:00:27 2024: Dispatch Server: stopping mainFifo_
Fri Jan 19 19:00:27 2024: XCD main fifo: Stopping
Fri Jan 19 19:00:27 2024: XCD main fifo: do_read error code: Operation canceled
Fri Jan 19 19:00:27 2024: XCD main fifo: bytes_transferred: 0
Fri Jan 19 19:00:27 2024: SERVER: destructor for server bound to port 41399
Fri Jan 19 19:00:27 2024: XCD main fifo: Good unlink of /tmp/xcdmainca906806-52f6-465d-a85e-ab5ac3d679c6
Fri Jan 19 19:00:27 2024: Server exiting with status 0.
Fri Jan 19 19:00:27 2024: Closing log file.
Fri Jan 19 19:00:51 2024: Running xcd server. This server was built by gradle.
Fri Jan 19 19:00:51 2024: Server was asked to start on port: '34461'
Fri Jan 19 19:00:51 2024: Server is using token UUID: '0f560488-ecd3-4170-8c56-6696105319ac'
Fri Jan 19 19:00:51 2024: SESSION_MGR: creating session with session uuid: '6d04a3e9-ade5-4ab9-8d63-1f78fcd2ec76' and name 'default'
Fri Jan 19 19:00:51 2024: Attempting to start server on port '34461'
Fri Jan 19 19:00:51 2024: XCD main fifo: created main fifo '/tmp/xcdmain0f560488-ecd3-4170-8c56-6696105319ac', fd read = 13
Fri Jan 19 19:00:51 2024: Running Dispatch Server
Fri Jan 19 19:00:51 2024: Version 2.2.0
Fri Jan 19 19:01:00 2024: Dispatch Server: Accepted socket connection from client
Fri Jan 19 19:01:00 2024: Starting Socket connection
Fri Jan 19 19:01:00 2024: EXCHANGE_TOKEN received, server token: 0f560488-ecd3-4170-8c56-6696105319ac, passed token: 0f560488-ecd3-4170-8c56-6696105319ac
Fri Jan 19 19:01:00 2024: SESSION_MGR: creating session with session uuid: '93456112-03a6-431a-8a4c-fd0cbdbf34d8' and name 'AIE Compilation'
Fri Jan 19 19:01:00 2024: KERNEL_SVC: creating session with uuid: '93456112-03a6-431a-8a4c-fd0cbdbf34d8' and name 'AIE Compilation'
Fri Jan 19 19:01:00 2024: GUIDANCE_SMGR: creating guidance session with uuid: '93456112-03a6-431a-8a4c-fd0cbdbf34d8' and name 'AIE Compilation'
Fri Jan 19 19:01:03 2024: Dispatch Server: Accepted socket connection from client
Fri Jan 19 19:01:03 2024: Starting Socket connection
Fri Jan 19 19:01:09 2024: SESSION_MGR: closing session for UUID '93456112-03a6-431a-8a4c-fd0cbdbf34d8' with name ''
Fri Jan 19 19:01:09 2024: KERNEL_SVC: closing session for UUID '93456112-03a6-431a-8a4c-fd0cbdbf34d8' with name ''
Fri Jan 19 19:01:09 2024: GUIDANCE_SMGR: closing session for UUID '93456112-03a6-431a-8a4c-fd0cbdbf34d8' with name ''
Fri Jan 19 19:01:09 2024: STOP_SERVER received, server token: 0f560488-ecd3-4170-8c56-6696105319ac, passed token: 0f560488-ecd3-4170-8c56-6696105319ac
Fri Jan 19 19:01:09 2024: Socket received request to stop server.
Fri Jan 19 19:01:09 2024: Dispatch Server: do_await_stop
Fri Jan 19 19:01:09 2024: Dispatch Server: stopping mainFifo_
Fri Jan 19 19:01:09 2024: XCD main fifo: Stopping
Fri Jan 19 19:01:09 2024: XCD main fifo: do_read error code: Operation canceled
Fri Jan 19 19:01:09 2024: XCD main fifo: bytes_transferred: 0
Fri Jan 19 19:01:09 2024: SERVER: destructor for server bound to port 34461
Fri Jan 19 19:01:09 2024: XCD main fifo: Good unlink of /tmp/xcdmain0f560488-ecd3-4170-8c56-6696105319ac
Fri Jan 19 19:01:09 2024: Server exiting with status 0.
Fri Jan 19 19:01:09 2024: Closing log file.
Fri Jan 19 19:02:52 2024: Running xcd server. This server was built by gradle.
Fri Jan 19 19:02:52 2024: Server was asked to start on port: '37361'
Fri Jan 19 19:02:52 2024: Server is using token UUID: '6d5e450e-9575-430d-8f60-c2d8ed79c1f9'
Fri Jan 19 19:02:52 2024: SESSION_MGR: creating session with session uuid: '6d04a3e9-ade5-4ab9-8d63-1f78fcd2ec76' and name 'default'
Fri Jan 19 19:02:52 2024: Attempting to start server on port '37361'
Fri Jan 19 19:02:52 2024: XCD main fifo: created main fifo '/tmp/xcdmain6d5e450e-9575-430d-8f60-c2d8ed79c1f9', fd read = 13
Fri Jan 19 19:02:52 2024: Running Dispatch Server
Fri Jan 19 19:02:52 2024: Version 2.2.0
Fri Jan 19 19:03:02 2024: Dispatch Server: Accepted socket connection from client
Fri Jan 19 19:03:02 2024: Starting Socket connection
Fri Jan 19 19:03:02 2024: EXCHANGE_TOKEN received, server token: 6d5e450e-9575-430d-8f60-c2d8ed79c1f9, passed token: 6d5e450e-9575-430d-8f60-c2d8ed79c1f9
Fri Jan 19 19:03:02 2024: SESSION_MGR: creating session with session uuid: 'd8c7bf30-ee9e-48ce-9334-ebd0d0547753' and name 'AIE Compilation'
Fri Jan 19 19:03:02 2024: KERNEL_SVC: creating session with uuid: 'd8c7bf30-ee9e-48ce-9334-ebd0d0547753' and name 'AIE Compilation'
Fri Jan 19 19:03:02 2024: GUIDANCE_SMGR: creating guidance session with uuid: 'd8c7bf30-ee9e-48ce-9334-ebd0d0547753' and name 'AIE Compilation'
Fri Jan 19 19:03:04 2024: Dispatch Server: Accepted socket connection from client
Fri Jan 19 19:03:04 2024: Starting Socket connection
Fri Jan 19 19:03:11 2024: SESSION_MGR: closing session for UUID 'd8c7bf30-ee9e-48ce-9334-ebd0d0547753' with name ''
Fri Jan 19 19:03:11 2024: KERNEL_SVC: closing session for UUID 'd8c7bf30-ee9e-48ce-9334-ebd0d0547753' with name ''
Fri Jan 19 19:03:11 2024: GUIDANCE_SMGR: closing session for UUID 'd8c7bf30-ee9e-48ce-9334-ebd0d0547753' with name ''
Fri Jan 19 19:03:11 2024: STOP_SERVER received, server token: 6d5e450e-9575-430d-8f60-c2d8ed79c1f9, passed token: 6d5e450e-9575-430d-8f60-c2d8ed79c1f9
Fri Jan 19 19:03:11 2024: Socket received request to stop server.
Fri Jan 19 19:03:11 2024: Dispatch Server: do_await_stop
Fri Jan 19 19:03:11 2024: Dispatch Server: stopping mainFifo_
Fri Jan 19 19:03:11 2024: XCD main fifo: Stopping
Fri Jan 19 19:03:11 2024: XCD main fifo: do_read error code: Operation canceled
Fri Jan 19 19:03:11 2024: XCD main fifo: bytes_transferred: 0
Fri Jan 19 19:03:11 2024: SERVER: destructor for server bound to port 37361
Fri Jan 19 19:03:11 2024: XCD main fifo: Good unlink of /tmp/xcdmain6d5e450e-9575-430d-8f60-c2d8ed79c1f9
Fri Jan 19 19:03:11 2024: Server exiting with status 0.
Fri Jan 19 19:03:11 2024: Closing log file.
